<?xml version="1.0" encoding="UTF-8"?>
<!-- Generated by org.testng.reporters.JUnitReportReporter -->
<testsuite hostname="LAPTOP-61LDMJ7H" name="TestNGPACK.Annotation_SetupAndTearDown" tests="4" failures="0" timestamp="31 Aug 2020 06:18:51 GMT" time="33.495" errors="0">
  <testcase name="test3" time="7.371" classname="TestNGPACK.Annotation_SetupAndTearDown"/>
  <testcase name="test4" time="6.824" classname="TestNGPACK.Annotation_SetupAndTearDown"/>
  <testcase name="test2" time="12.468" classname="TestNGPACK.Annotation_SetupAndTearDown"/>
  <testcase name="test1" time="6.832" classname="TestNGPACK.Annotation_SetupAndTearDown"/>
</testsuite> <!-- TestNGPACK.Annotation_SetupAndTearDown -->
