<?xml version="1.0" encoding="UTF-8"?>
<!-- Generated by org.testng.reporters.JUnitReportReporter -->
<testsuite skipped="0" hostname="Tejas" name="tests.Loginparameters" tests="3" failures="0" timestamp="30 Mar 2018 04:01:21 GMT" time="0.002" errors="0">
  <testcase name="Login" time="0.001" classname="tests.Loginparameters"/>
  <testcase name="Login" time="0.001" classname="tests.Loginparameters"/>
  <testcase name="Login" time="0.000" classname="tests.Loginparameters"/>
</testsuite> <!-- tests.Loginparameters -->
