<?xml version="1.0" encoding="UTF-8"?>
<!-- Generated by org.testng.reporters.JUnitReportReporter -->
<testsuite skipped="0" hostname="DESKTOP-8OBLECF" name="com.learnautomation.testcases.TC_001_LoginTest" tests="2" failures="0" timestamp="06 Sep 2020 02:58:12 GMT" time="14.414" errors="0">
  <testcase name="loginAsAdmin" time="11.015" classname="com.learnautomation.testcases.TC_001_LoginTest"/>
  <testcase name="logoutFromApplication" time="3.399" classname="com.learnautomation.testcases.TC_001_LoginTest"/>
</testsuite> <!-- com.learnautomation.testcases.TC_001_LoginTest -->
