<?xml version="1.0" encoding="UTF-8"?>
<!-- Generated by org.testng.reporters.JUnitReportReporter -->
<testsuite hostname="LAPTOP-61LDMJ7H" name="getRequest.GetData" tests="2" failures="0" timestamp="20 Sep 2020 13:17:56 GMT" time="5.786" errors="0">
  <testcase name="testBody" time="4.695" classname="getRequest.GetData"/>
  <testcase name="testResponsecode" time="1.091" classname="getRequest.GetData"/>
</testsuite> <!-- getRequest.GetData -->
