<?xml version="1.0" encoding="UTF-8"?>
<!-- Generated by org.testng.reporters.JUnitReportReporter -->
<testsuite hostname="LAPTOP-61LDMJ7H" name="getRequest.GetData2" tests="2" failures="0" timestamp="20 Sep 2020 00:38:07 GMT" time="5.245" errors="0">
  <testcase name="testResponsecode" time="0.998" classname="getRequest.GetData2"/>
  <testcase name="testBody" time="4.247" classname="getRequest.GetData2"/>
</testsuite> <!-- getRequest.GetData2 -->
