<?xml version="1.0" encoding="UTF-8"?>
<!-- Generated by org.testng.reporters.JUnitReportReporter -->
<testsuite hostname="LAPTOP-61LDMJ7H" name="testNGFrameWork.Invocation_Count" tests="10" failures="0" timestamp="13 May 2020 21:25:14 GMT" time="0.132" errors="0">
  <testcase name="sum" time="0.001" classname="testNGFrameWork.Invocation_Count"/>
  <testcase name="sum" time="0.028" classname="testNGFrameWork.Invocation_Count"/>
  <testcase name="sum" time="0.025" classname="testNGFrameWork.Invocation_Count"/>
  <testcase name="sum" time="0.029" classname="testNGFrameWork.Invocation_Count"/>
  <testcase name="sum" time="0.009" classname="testNGFrameWork.Invocation_Count"/>
  <testcase name="sum" time="0.002" classname="testNGFrameWork.Invocation_Count"/>
  <testcase name="sum" time="0.001" classname="testNGFrameWork.Invocation_Count"/>
  <testcase name="sum" time="0.030" classname="testNGFrameWork.Invocation_Count"/>
  <testcase name="sum" time="0.001" classname="testNGFrameWork.Invocation_Count"/>
  <testcase name="sum" time="0.006" classname="testNGFrameWork.Invocation_Count"/>
</testsuite> <!-- testNGFrameWork.Invocation_Count -->
