<?xml version="1.0" encoding="UTF-8"?>
<!-- Generated by org.testng.reporters.JUnitReportReporter -->
<testsuite hostname="LAPTOP-61LDMJ7H" name="testNGFrameWork.AssertEquas1" tests="1" failures="0" timestamp="13 May 2020 21:25:14 GMT" time="13.333" errors="0">
  <testcase name="googletitleTest" time="13.333" classname="testNGFrameWork.AssertEquas1"/>
</testsuite> <!-- testNGFrameWork.AssertEquas1 -->
