<?xml version="1.0" encoding="UTF-8"?>
<!-- Generated by org.testng.reporters.JUnitReportReporter -->
<testsuite hostname="LAPTOP-61LDMJ7H" name="testNGFrameWork.TestNgBasics" tests="3" failures="0" timestamp="13 May 2020 21:25:14 GMT" time="0.018" errors="0">
  <testcase name="FirstTest" time="0.006" classname="testNGFrameWork.TestNgBasics"/>
  <testcase name="SecondTest" time="0.004" classname="testNGFrameWork.TestNgBasics"/>
  <testcase name="ThirdTest" time="0.008" classname="testNGFrameWork.TestNgBasics"/>
</testsuite> <!-- testNGFrameWork.TestNgBasics -->
