<?xml version="1.0" encoding="UTF-8"?>
<!-- Generated by org.testng.reporters.JUnitReportReporter -->
<testsuite skipped="0" hostname="Tejas" name="com.sampleddf.core.ddf.MyDataDrivenFramework.App" tests="1" failures="0" timestamp="03 May 2018 03:50:35 GMT" time="0.011" errors="0">
  <testcase name="mytest" time="0.011" classname="com.sampleddf.core.ddf.MyDataDrivenFramework.App"/>
</testsuite> <!-- com.sampleddf.core.ddf.MyDataDrivenFramework.App -->
