<?xml version="1.0" encoding="UTF-8"?>
<!-- Generated by org.testng.reporters.JUnitReportReporter -->
<testsuite skipped="0" hostname="Tejas" name="com.sampleddf.core.ddf.testcases.LoginCredentials" tests="5" failures="0" timestamp="07 May 2018 03:23:48 GMT" time="6.126" errors="0">
  <testcase name="EnterCred" time="1.038" classname="com.sampleddf.core.ddf.testcases.LoginCredentials"/>
  <testcase name="EnterCred" time="1.091" classname="com.sampleddf.core.ddf.testcases.LoginCredentials"/>
  <testcase name="EnterCred" time="1.234" classname="com.sampleddf.core.ddf.testcases.LoginCredentials"/>
  <testcase name="EnterCred" time="1.101" classname="com.sampleddf.core.ddf.testcases.LoginCredentials"/>
  <testcase name="EnterCred" time="1.662" classname="com.sampleddf.core.ddf.testcases.LoginCredentials"/>
</testsuite> <!-- com.sampleddf.core.ddf.testcases.LoginCredentials -->
