<?xml version="1.0" encoding="UTF-8"?>
<!-- Generated by org.testng.reporters.JUnitReportReporter -->
<testsuite skipped="0" hostname="Tejas" name="com.sampleddf.core.ddf.mystocks.StockPortfolio" tests="2" failures="0" timestamp="23 Jun 2018 02:19:03 GMT" time="64.953" errors="0">
  <testcase name="StockGridReadonly" time="16.372" classname="com.sampleddf.core.ddf.mystocks.StockPortfolio"/>
  <testcase name="StockGridDeleteRecords" time="48.581" classname="com.sampleddf.core.ddf.mystocks.StockPortfolio"/>
</testsuite> <!-- com.sampleddf.core.ddf.mystocks.StockPortfolio -->
