<?xml version="1.0" encoding="UTF-8"?>
<!-- Generated by org.testng.reporters.JUnitReportReporter -->
<testsuite skipped="0" hostname="Tejas" name="com.sampleddf.core.ddf.testcases.checkboxtest" tests="1" failures="0" timestamp="07 May 2018 03:23:48 GMT" time="0.398" errors="0">
  <testcase name="CheckboxTest" time="0.398" classname="com.sampleddf.core.ddf.testcases.checkboxtest"/>
</testsuite> <!-- com.sampleddf.core.ddf.testcases.checkboxtest -->
