<?xml version="1.0" encoding="UTF-8"?>
<!-- Generated by org.testng.reporters.JUnitReportReporter -->
<testsuite skipped="0" hostname="Tejas" name="com.sampleddf.core.ddf.testcases.linkcalc" tests="1" failures="0" timestamp="07 May 2018 03:23:48 GMT" time="0.635" errors="0">
  <testcase name="LinkCalc" time="0.635" classname="com.sampleddf.core.ddf.testcases.linkcalc"/>
</testsuite> <!-- com.sampleddf.core.ddf.testcases.linkcalc -->
