<?xml version="1.0" encoding="UTF-8"?>
<!-- Generated by org.testng.reporters.JUnitReportReporter -->
<testsuite skipped="0" hostname="Tejas" name="com.sampleddf.core.ddf.loginpage.LoginPortfolio" tests="5" failures="0" timestamp="14 May 2018 02:46:25 GMT" time="64.566" errors="0">
  <testcase name="LoginCredentials" time="15.574" classname="com.sampleddf.core.ddf.loginpage.LoginPortfolio"/>
  <testcase name="LogOut" time="10.443" classname="com.sampleddf.core.ddf.loginpage.LoginPortfolio"/>
  <testcase name="LoginCredentialsNeg" time="14.142" classname="com.sampleddf.core.ddf.loginpage.LoginPortfolio"/>
  <testcase name="LoginCredentialsNeg" time="11.390" classname="com.sampleddf.core.ddf.loginpage.LoginPortfolio"/>
  <testcase name="LoginCredentialsNeg" time="13.017" classname="com.sampleddf.core.ddf.loginpage.LoginPortfolio"/>
</testsuite> <!-- com.sampleddf.core.ddf.loginpage.LoginPortfolio -->
